2019-03-14T21:51:38+00:00 CRITICAL Call to undefined function wp_pagenavi() в C:\OSPanel\domains\stanki\wp-content\themes\Stanki\page.php на строке 62

2019-03-14T22:01:28+00:00 CRITICAL Call to undefined function wp_pagenavi() в C:\OSPanel\domains\stanki\wp-content\themes\Stanki\page.php на строке 62

2019-03-14T22:01:39+00:00 CRITICAL Call to undefined function wp_pagenavi() в C:\OSPanel\domains\stanki\wp-content\themes\Stanki\page.php на строке 62

2019-03-14T22:01:53+00:00 CRITICAL Call to undefined function wp_pagenavi() в C:\OSPanel\domains\stanki\wp-content\themes\Stanki\page.php на строке 62

2019-03-14T22:01:56+00:00 CRITICAL Call to undefined function wp_pagenavi() в C:\OSPanel\domains\stanki\wp-content\themes\Stanki\page.php на строке 62

2019-03-14T22:02:14+00:00 CRITICAL Call to undefined function wp_pagenavi() в C:\OSPanel\domains\stanki\wp-content\themes\Stanki\page.php на строке 62

2019-03-14T22:02:32+00:00 CRITICAL Call to undefined function wp_pagenavi() в C:\OSPanel\domains\stanki\wp-content\themes\Stanki\page.php на строке 62

2019-03-14T22:02:47+00:00 CRITICAL Call to undefined function wp_pagenavi() в C:\OSPanel\domains\stanki\wp-content\themes\Stanki\page.php на строке 62

2019-03-14T22:02:54+00:00 CRITICAL Call to undefined function wp_pagenavi() в C:\OSPanel\domains\stanki\wp-content\themes\Stanki\page.php на строке 62

2019-03-14T22:03:19+00:00 CRITICAL Call to undefined function wp_pagenavi() в C:\OSPanel\domains\stanki\wp-content\themes\Stanki\page.php на строке 62

2019-03-14T22:03:22+00:00 CRITICAL Call to undefined function wp_pagenavi() в C:\OSPanel\domains\stanki\wp-content\themes\Stanki\page.php на строке 62

2019-03-14T22:03:24+00:00 CRITICAL Call to undefined function wp_pagenavi() в C:\OSPanel\domains\stanki\wp-content\themes\Stanki\page.php на строке 62

2019-03-14T22:03:51+00:00 CRITICAL Call to undefined function wp_pagenavi() в C:\OSPanel\domains\stanki\wp-content\themes\Stanki\page.php на строке 62

2019-03-14T22:05:06+00:00 CRITICAL Call to undefined function wp_pagenavi() в C:\OSPanel\domains\stanki\wp-content\themes\Stanki\page.php на строке 62

2019-03-14T22:05:10+00:00 CRITICAL Call to undefined function wp_pagenavi() в C:\OSPanel\domains\stanki\wp-content\themes\Stanki\page.php на строке 62

2019-03-14T22:05:49+00:00 CRITICAL Call to undefined function wp_pagenavi() в C:\OSPanel\domains\stanki\wp-content\themes\Stanki\page.php на строке 62

2019-03-14T22:05:51+00:00 CRITICAL Call to undefined function wp_pagenavi() в C:\OSPanel\domains\stanki\wp-content\themes\Stanki\page.php на строке 62

2019-03-14T22:05:53+00:00 CRITICAL Call to undefined function wp_pagenavi() в C:\OSPanel\domains\stanki\wp-content\themes\Stanki\page.php на строке 62

2019-03-14T22:07:17+00:00 CRITICAL Call to undefined function wp_pagenavi() в C:\OSPanel\domains\stanki\wp-content\themes\Stanki\page.php на строке 62

2019-03-14T22:07:19+00:00 CRITICAL Call to undefined function wp_pagenavi() в C:\OSPanel\domains\stanki\wp-content\themes\Stanki\page.php на строке 62

2019-03-14T22:07:21+00:00 CRITICAL Call to undefined function wp_pagenavi() в C:\OSPanel\domains\stanki\wp-content\themes\Stanki\page.php на строке 62

2019-03-14T22:07:51+00:00 CRITICAL Call to undefined function wp_pagenavi() в C:\OSPanel\domains\stanki\wp-content\themes\Stanki\page.php на строке 62

2019-03-14T22:08:56+00:00 CRITICAL Call to undefined function wp_pagenavi() в C:\OSPanel\domains\stanki\wp-content\themes\Stanki\page.php на строке 62

2019-03-14T22:09:02+00:00 CRITICAL Call to undefined function wp_pagenavi() в C:\OSPanel\domains\stanki\wp-content\themes\Stanki\page.php на строке 62

2019-03-14T22:18:49+00:00 CRITICAL Call to undefined function wp_pagenavi() в C:\OSPanel\domains\stanki\wp-content\themes\Stanki\page.php на строке 62

2019-03-14T22:19:02+00:00 CRITICAL Call to undefined function wp_pagenavi() в C:\OSPanel\domains\stanki\wp-content\themes\Stanki\page.php на строке 62

2019-03-14T22:21:58+00:00 CRITICAL Call to undefined function wp_pagenavi() в C:\OSPanel\domains\stanki\wp-content\themes\Stanki\page.php на строке 62

2019-03-14T22:22:00+00:00 CRITICAL Call to undefined function wp_pagenavi() в C:\OSPanel\domains\stanki\wp-content\themes\Stanki\page.php на строке 62

2019-03-14T22:23:44+00:00 CRITICAL Call to undefined function wp_pagenavi() в C:\OSPanel\domains\stanki\wp-content\themes\Stanki\page.php на строке 62

2019-03-14T22:23:46+00:00 CRITICAL Call to undefined function wp_pagenavi() в C:\OSPanel\domains\stanki\wp-content\themes\Stanki\page.php на строке 62

2019-03-14T22:24:21+00:00 CRITICAL Call to undefined function wp_pagenavi() в C:\OSPanel\domains\stanki\wp-content\themes\Stanki\page.php на строке 62

2019-03-14T22:24:41+00:00 CRITICAL Call to undefined function wp_pagenavi() в C:\OSPanel\domains\stanki\wp-content\themes\Stanki\page.php на строке 62

2019-03-14T22:24:44+00:00 CRITICAL Call to undefined function wp_pagenavi() в C:\OSPanel\domains\stanki\wp-content\themes\Stanki\page.php на строке 62

2019-03-14T22:26:10+00:00 CRITICAL Call to undefined function wp_pagenavi() в C:\OSPanel\domains\stanki\wp-content\themes\Stanki\page.php на строке 62

2019-03-14T22:26:12+00:00 CRITICAL Call to undefined function wp_pagenavi() в C:\OSPanel\domains\stanki\wp-content\themes\Stanki\page.php на строке 62

2019-03-14T22:26:13+00:00 CRITICAL Call to undefined function wp_pagenavi() в C:\OSPanel\domains\stanki\wp-content\themes\Stanki\page.php на строке 62

2019-03-14T22:26:14+00:00 CRITICAL Call to undefined function wp_pagenavi() в C:\OSPanel\domains\stanki\wp-content\themes\Stanki\page.php на строке 62

2019-03-14T22:26:15+00:00 CRITICAL Call to undefined function wp_pagenavi() в C:\OSPanel\domains\stanki\wp-content\themes\Stanki\page.php на строке 62

2019-03-14T22:26:16+00:00 CRITICAL Call to undefined function wp_pagenavi() в C:\OSPanel\domains\stanki\wp-content\themes\Stanki\page.php на строке 62

2019-03-14T22:26:28+00:00 CRITICAL Call to undefined function wp_pagenavi() в C:\OSPanel\domains\stanki\wp-content\themes\Stanki\page.php на строке 62

2019-03-14T22:26:30+00:00 CRITICAL Call to undefined function wp_pagenavi() в C:\OSPanel\domains\stanki\wp-content\themes\Stanki\page.php на строке 62

2019-03-14T22:26:31+00:00 CRITICAL Call to undefined function wp_pagenavi() в C:\OSPanel\domains\stanki\wp-content\themes\Stanki\page.php на строке 62

2019-03-14T22:26:32+00:00 CRITICAL Call to undefined function wp_pagenavi() в C:\OSPanel\domains\stanki\wp-content\themes\Stanki\page.php на строке 62

2019-03-14T22:26:34+00:00 CRITICAL Call to undefined function wp_pagenavi() в C:\OSPanel\domains\stanki\wp-content\themes\Stanki\page.php на строке 62

2019-03-14T22:26:46+00:00 CRITICAL Call to undefined function wp_pagenavi() в C:\OSPanel\domains\stanki\wp-content\themes\Stanki\page.php на строке 62

2019-03-14T22:28:01+00:00 CRITICAL Call to undefined function wp_pagenavi() в C:\OSPanel\domains\stanki\wp-content\themes\Stanki\page.php на строке 62

2019-03-14T22:30:34+00:00 CRITICAL Call to undefined function wp_pagenavi() в C:\OSPanel\domains\stanki\wp-content\themes\Stanki\page.php на строке 62

2019-03-14T22:31:02+00:00 CRITICAL Call to undefined function wp_pagenavi() в C:\OSPanel\domains\stanki\wp-content\themes\Stanki\page.php на строке 62

2019-03-14T22:31:45+00:00 CRITICAL Call to undefined function wp_pagenavi() в C:\OSPanel\domains\stanki\wp-content\themes\Stanki\page.php на строке 62

2019-03-14T22:33:43+00:00 CRITICAL Call to undefined function wp_pagenavi() в C:\OSPanel\domains\stanki\wp-content\themes\Stanki\page.php на строке 62

2019-03-14T22:33:47+00:00 CRITICAL Call to undefined function wp_pagenavi() в C:\OSPanel\domains\stanki\wp-content\themes\Stanki\single.php на строке 62

2019-03-14T22:33:59+00:00 CRITICAL Call to undefined function wp_pagenavi() в C:\OSPanel\domains\stanki\wp-content\themes\Stanki\single.php на строке 62

2019-03-14T22:34:15+00:00 CRITICAL Call to undefined function wp_pagenavi() в C:\OSPanel\domains\stanki\wp-content\themes\Stanki\single.php на строке 62

2019-03-14T22:34:31+00:00 CRITICAL Call to undefined function wp_pagenavi() в C:\OSPanel\domains\stanki\wp-content\themes\Stanki\page.php на строке 62

2019-03-14T22:34:44+00:00 CRITICAL Call to undefined function wp_pagenavi() в C:\OSPanel\domains\stanki\wp-content\themes\Stanki\page.php на строке 62

2019-03-14T22:34:48+00:00 CRITICAL Call to undefined function wp_pagenavi() в C:\OSPanel\domains\stanki\wp-content\themes\Stanki\single.php на строке 62

2019-03-14T22:37:45+00:00 CRITICAL Call to undefined function wp_pagenavi() в C:\OSPanel\domains\stanki\wp-content\themes\Stanki\category.php на строке 62

2019-03-14T22:37:50+00:00 CRITICAL Call to undefined function wp_pagenavi() в C:\OSPanel\domains\stanki\wp-content\themes\Stanki\page.php на строке 62

2019-03-14T22:38:45+00:00 CRITICAL Call to undefined function wp_pagenavi() в C:\OSPanel\domains\stanki\wp-content\themes\Stanki\page.php на строке 62

2019-03-14T22:38:47+00:00 CRITICAL Call to undefined function wp_pagenavi() в C:\OSPanel\domains\stanki\wp-content\themes\Stanki\page.php на строке 62

2019-03-14T22:40:34+00:00 CRITICAL Call to undefined function wp_pagenavi() в C:\OSPanel\domains\stanki\wp-content\themes\Stanki\page.php на строке 62

2019-03-14T22:40:36+00:00 CRITICAL Call to undefined function wp_pagenavi() в C:\OSPanel\domains\stanki\wp-content\themes\Stanki\page.php на строке 62

2019-03-14T22:40:37+00:00 CRITICAL Call to undefined function wp_pagenavi() в C:\OSPanel\domains\stanki\wp-content\themes\Stanki\page.php на строке 62

2019-03-14T22:40:38+00:00 CRITICAL Call to undefined function wp_pagenavi() в C:\OSPanel\domains\stanki\wp-content\themes\Stanki\page.php на строке 62

2019-03-14T22:40:47+00:00 CRITICAL Call to undefined function wp_pagenavi() в C:\OSPanel\domains\stanki\wp-content\themes\Stanki\page.php на строке 62

2019-03-14T22:40:51+00:00 CRITICAL Call to undefined function wp_pagenavi() в C:\OSPanel\domains\stanki\wp-content\themes\Stanki\page.php на строке 62

2019-03-14T22:42:25+00:00 CRITICAL Call to undefined function wp_pagenavi() в C:\OSPanel\domains\stanki\wp-content\themes\Stanki\page.php на строке 62

2019-03-14T22:43:27+00:00 CRITICAL Call to undefined function wp_pagenavi() в C:\OSPanel\domains\stanki\wp-content\themes\Stanki\page.php на строке 62

2019-03-14T22:59:12+00:00 CRITICAL Call to undefined function wp_pagenavi() в C:\OSPanel\domains\stanki\wp-content\themes\Stanki\page.php на строке 62

2019-03-14T23:02:03+00:00 CRITICAL Call to undefined function wp_pagenavi() в C:\OSPanel\domains\stanki\wp-content\themes\Stanki\page.php на строке 62

2019-03-14T23:02:07+00:00 CRITICAL Call to undefined function wp_pagenavi() в C:\OSPanel\domains\stanki\wp-content\themes\Stanki\page.php на строке 62

2019-03-14T23:02:10+00:00 CRITICAL Call to undefined function wp_pagenavi() в C:\OSPanel\domains\stanki\wp-content\themes\Stanki\page.php на строке 62

2019-03-14T23:02:18+00:00 CRITICAL Call to undefined function wp_pagenavi() в C:\OSPanel\domains\stanki\wp-content\themes\Stanki\page.php на строке 62

2019-03-14T23:02:38+00:00 CRITICAL Call to undefined function wp_pagenavi() в C:\OSPanel\domains\stanki\wp-content\themes\Stanki\page.php на строке 62

2019-03-14T23:02:40+00:00 CRITICAL Call to undefined function wp_pagenavi() в C:\OSPanel\domains\stanki\wp-content\themes\Stanki\page.php на строке 62

2019-03-14T23:04:51+00:00 CRITICAL Call to undefined function wp_pagenavi() в C:\OSPanel\domains\stanki\wp-content\themes\Stanki\page.php на строке 62

2019-03-14T23:04:55+00:00 CRITICAL Call to undefined function wp_pagenavi() в C:\OSPanel\domains\stanki\wp-content\themes\Stanki\page.php на строке 62

2019-03-14T23:04:57+00:00 CRITICAL Call to undefined function wp_pagenavi() в C:\OSPanel\domains\stanki\wp-content\themes\Stanki\page.php на строке 62

2019-03-14T23:05:26+00:00 CRITICAL Call to undefined function wp_pagenavi() в C:\OSPanel\domains\stanki\wp-content\themes\Stanki\page.php на строке 62

2019-03-14T23:09:38+00:00 CRITICAL Call to undefined function wp_pagenavi() в C:\OSPanel\domains\stanki\wp-content\themes\Stanki\page.php на строке 62

2019-03-14T23:09:51+00:00 CRITICAL Call to undefined function wp_pagenavi() в C:\OSPanel\domains\stanki\wp-content\themes\Stanki\page.php на строке 62

2019-03-14T23:10:03+00:00 CRITICAL Call to undefined function wp_pagenavi() в C:\OSPanel\domains\stanki\wp-content\themes\Stanki\page.php на строке 62

2019-03-14T23:14:13+00:00 CRITICAL syntax error, unexpected end of file в C:\OSPanel\domains\stanki\wp-content\themes\Stanki\functions.php на строке 256

2019-03-14T23:14:32+00:00 CRITICAL Call to undefined function wp_pagenavi() в C:\OSPanel\domains\stanki\wp-content\themes\Stanki\page.php на строке 62

2019-03-14T23:14:59+00:00 CRITICAL Call to undefined function wp_pagenavi() в C:\OSPanel\domains\stanki\wp-content\themes\Stanki\page.php на строке 62

2019-03-14T23:26:38+00:00 CRITICAL Call to undefined function wp_pagenavi() в C:\OSPanel\domains\stanki\wp-content\themes\Stanki\page.php на строке 62

2019-03-14T23:28:07+00:00 CRITICAL Call to undefined function wp_pagenavi() в C:\OSPanel\domains\stanki\wp-content\themes\Stanki\page.php на строке 62

2019-03-14T23:28:22+00:00 CRITICAL Call to undefined function wp_pagenavi() в C:\OSPanel\domains\stanki\wp-content\themes\Stanki\page.php на строке 62

2019-03-14T23:28:33+00:00 CRITICAL Call to undefined function wp_pagenavi() в C:\OSPanel\domains\stanki\wp-content\themes\Stanki\page.php на строке 62

2019-03-14T23:34:08+00:00 CRITICAL Call to undefined function wp_pagenavi() в C:\OSPanel\domains\stanki\wp-content\themes\Stanki\page.php на строке 62

2019-03-14T23:35:35+00:00 CRITICAL Call to undefined function wp_pagenavi() в C:\OSPanel\domains\stanki\wp-content\themes\Stanki\page.php на строке 62

2019-03-14T23:36:05+00:00 CRITICAL Call to undefined function wp_pagenavi() в C:\OSPanel\domains\stanki\wp-content\themes\Stanki\page.php на строке 62

2019-03-14T23:36:37+00:00 CRITICAL Call to undefined function wp_pagenavi() в C:\OSPanel\domains\stanki\wp-content\themes\Stanki\page.php на строке 62

2019-03-14T23:37:03+00:00 CRITICAL Call to undefined function wp_pagenavi() в C:\OSPanel\domains\stanki\wp-content\themes\Stanki\page.php на строке 62

2019-03-14T23:37:20+00:00 CRITICAL Call to undefined function wp_pagenavi() в C:\OSPanel\domains\stanki\wp-content\themes\Stanki\page.php на строке 62

2019-03-14T23:37:36+00:00 CRITICAL Call to undefined function wp_pagenavi() в C:\OSPanel\domains\stanki\wp-content\themes\Stanki\page.php на строке 62

2019-03-14T23:40:04+00:00 CRITICAL Call to undefined function wp_pagenavi() в C:\OSPanel\domains\stanki\wp-content\themes\Stanki\page.php на строке 62

2019-03-14T23:40:19+00:00 CRITICAL Call to undefined function wp_pagenavi() в C:\OSPanel\domains\stanki\wp-content\themes\Stanki\page.php на строке 62

2019-03-14T23:41:09+00:00 CRITICAL Call to undefined function wp_pagenavi() в C:\OSPanel\domains\stanki\wp-content\themes\Stanki\page.php на строке 62

2019-03-14T23:41:12+00:00 CRITICAL Call to undefined function wp_pagenavi() в C:\OSPanel\domains\stanki\wp-content\themes\Stanki\page.php на строке 62

2019-03-14T23:42:01+00:00 CRITICAL Call to undefined function wp_pagenavi() в C:\OSPanel\domains\stanki\wp-content\themes\Stanki\page.php на строке 62

2019-03-14T23:45:37+00:00 CRITICAL Call to undefined function wp_pagenavi() в C:\OSPanel\domains\stanki\wp-content\themes\Stanki\page.php на строке 62

2019-03-14T23:46:34+00:00 CRITICAL Call to undefined function wp_pagenavi() в C:\OSPanel\domains\stanki\wp-content\themes\Stanki\page.php на строке 62

2019-03-14T23:46:37+00:00 CRITICAL Call to undefined function wp_pagenavi() в C:\OSPanel\domains\stanki\wp-content\themes\Stanki\page.php на строке 62

2019-03-14T23:47:04+00:00 CRITICAL Call to undefined function wp_pagenavi() в C:\OSPanel\domains\stanki\wp-content\themes\Stanki\page.php на строке 62

2019-03-14T23:47:14+00:00 CRITICAL Call to undefined function wp_pagenavi() в C:\OSPanel\domains\stanki\wp-content\themes\Stanki\page.php на строке 62

2019-03-14T23:49:46+00:00 CRITICAL Call to undefined function wp_pagenavi() в C:\OSPanel\domains\stanki\wp-content\themes\Stanki\page.php на строке 62

2019-03-14T23:50:03+00:00 CRITICAL Call to undefined function wp_pagenavi() в C:\OSPanel\domains\stanki\wp-content\themes\Stanki\page.php на строке 62

2019-03-14T23:53:03+00:00 CRITICAL syntax error, unexpected 'woocommerce_after_shop_loop' (T_STRING), expecting ',' or ';' в C:\OSPanel\domains\stanki\wp-content\themes\Stanki\functions.php на строке 20

2019-03-14T23:53:16+00:00 CRITICAL Call to undefined function wp_pagenavi() в C:\OSPanel\domains\stanki\wp-content\themes\Stanki\page.php на строке 62

2019-03-14T23:53:34+00:00 CRITICAL Call to undefined function wp_pagenavi() в C:\OSPanel\domains\stanki\wp-content\themes\Stanki\page.php на строке 62

2019-03-14T23:53:50+00:00 CRITICAL Call to undefined function wp_pagenavi() в C:\OSPanel\domains\stanki\wp-content\themes\Stanki\page.php на строке 62

2019-03-14T23:54:00+00:00 CRITICAL Call to undefined function wp_pagenavi() в C:\OSPanel\domains\stanki\wp-content\themes\Stanki\page.php на строке 62

2019-03-14T23:54:07+00:00 CRITICAL Call to undefined function wp_pagenavi() в C:\OSPanel\domains\stanki\wp-content\themes\Stanki\page.php на строке 62

2019-03-14T23:54:11+00:00 CRITICAL Call to undefined function wp_pagenavi() в C:\OSPanel\domains\stanki\wp-content\themes\Stanki\page.php на строке 62

2019-03-14T23:55:46+00:00 CRITICAL Call to undefined function wp_pagenavi() в C:\OSPanel\domains\stanki\wp-content\themes\Stanki\page.php на строке 62

2019-03-14T23:55:56+00:00 CRITICAL Call to undefined function wp_pagenavi() в C:\OSPanel\domains\stanki\wp-content\themes\Stanki\page.php на строке 62

2019-03-14T23:59:44+00:00 CRITICAL Call to undefined function content_class_by_sidebar() в C:\OSPanel\domains\stanki\wp-content\themes\Stanki\woocommerce.php на строке 11

2019-03-15T00:01:01+00:00 CRITICAL Call to undefined function wp_pagenavi() в C:\OSPanel\domains\stanki\wp-content\themes\Stanki\page.php на строке 62

2019-03-15T00:01:16+00:00 CRITICAL Call to undefined function wp_pagenavi() в C:\OSPanel\domains\stanki\wp-content\themes\Stanki\page.php на строке 62

2019-03-15T00:02:11+00:00 CRITICAL Call to undefined function wp_pagenavi() в C:\OSPanel\domains\stanki\wp-content\themes\Stanki\page.php на строке 62

2019-03-15T00:02:15+00:00 CRITICAL Call to undefined function wp_pagenavi() в C:\OSPanel\domains\stanki\wp-content\themes\Stanki\page.php на строке 62

2019-03-15T00:02:26+00:00 CRITICAL Call to undefined function wp_pagenavi() в C:\OSPanel\domains\stanki\wp-content\themes\Stanki\page.php на строке 62

2019-03-15T00:03:37+00:00 CRITICAL Call to undefined function wp_pagenavi() в C:\OSPanel\domains\stanki\wp-content\themes\Stanki\page.php на строке 62

2019-03-15T00:03:51+00:00 CRITICAL Call to undefined function wp_pagenavi() в C:\OSPanel\domains\stanki\wp-content\themes\Stanki\page.php на строке 62

2019-03-15T00:10:04+00:00 CRITICAL Call to undefined function wp_pagenavi() в C:\OSPanel\domains\stanki\wp-content\themes\Stanki\page.php на строке 62

2019-03-15T00:13:47+00:00 CRITICAL Call to undefined function wp_pagenavi() в C:\OSPanel\domains\stanki\wp-content\themes\Stanki\page.php на строке 62

2019-03-15T00:13:50+00:00 CRITICAL Call to undefined function wp_pagenavi() в C:\OSPanel\domains\stanki\wp-content\themes\Stanki\page.php на строке 62

2019-03-15T00:17:42+00:00 CRITICAL Call to undefined function wp_pagenavi() в C:\OSPanel\domains\stanki\wp-content\themes\Stanki\page.php на строке 62

2019-03-15T00:20:48+00:00 CRITICAL Call to undefined function wp_pagenavi() в C:\OSPanel\domains\stanki\wp-content\themes\Stanki\page.php на строке 62

2019-03-15T00:21:02+00:00 CRITICAL Call to undefined function wp_pagenavi() в C:\OSPanel\domains\stanki\wp-content\themes\Stanki\page.php на строке 62

2019-03-15T00:21:11+00:00 CRITICAL Call to undefined function wp_pagenavi() в C:\OSPanel\domains\stanki\wp-content\themes\Stanki\page.php на строке 62

2019-03-15T00:21:14+00:00 CRITICAL Call to undefined function wp_pagenavi() в C:\OSPanel\domains\stanki\wp-content\themes\Stanki\page.php на строке 62

2019-03-15T00:32:22+00:00 CRITICAL Call to undefined function is_vagory() в C:\OSPanel\domains\stanki\wp-content\themes\Stanki\page.php на строке 14

2019-03-15T00:32:25+00:00 CRITICAL Call to undefined function is_vagory() в C:\OSPanel\domains\stanki\wp-content\themes\Stanki\page.php на строке 14

