2019-02-03T12:25:13+00:00 CRITICAL Uncaught Error: Call to a member function get_result() on null in C:\OSPanel\domains\Stanki\wp-content\plugins\my-plugin\my-plugin.php:21
Stack trace:
#0 C:\OSPanel\domains\Stanki\wp-includes\class-wp-hook.php(286): MyPluginTopLevel('')
#1 C:\OSPanel\domains\Stanki\wp-includes\class-wp-hook.php(310): WP_Hook->apply_filters('', Array)
#2 C:\OSPanel\domains\Stanki\wp-includes\plugin.php(453): WP_Hook->do_action(Array)
#3 C:\OSPanel\domains\Stanki\wp-admin\admin.php(224): do_action('toplevel_page_m...')
#4 {main}
  thrown в C:\OSPanel\domains\Stanki\wp-content\plugins\my-plugin\my-plugin.php на строке 21

2019-02-03T12:30:31+00:00 CRITICAL Uncaught Error: Call to undefined method wpdb::get_result() in C:\OSPanel\domains\Stanki\wp-content\plugins\my-plugin\my-plugin.php:23
Stack trace:
#0 C:\OSPanel\domains\Stanki\wp-includes\class-wp-hook.php(286): MyPluginTopLevel('')
#1 C:\OSPanel\domains\Stanki\wp-includes\class-wp-hook.php(310): WP_Hook->apply_filters('', Array)
#2 C:\OSPanel\domains\Stanki\wp-includes\plugin.php(453): WP_Hook->do_action(Array)
#3 C:\OSPanel\domains\Stanki\wp-admin\admin.php(224): do_action('toplevel_page_m...')
#4 {main}
  thrown в C:\OSPanel\domains\Stanki\wp-content\plugins\my-plugin\my-plugin.php на строке 23

2019-02-03T12:35:32+00:00 CRITICAL Uncaught Error: Call to undefined method wpdb::get_result() in C:\OSPanel\domains\Stanki\wp-content\plugins\my-plugin\my-plugin.php:23
Stack trace:
#0 C:\OSPanel\domains\Stanki\wp-includes\class-wp-hook.php(286): MyPluginTopLevel('')
#1 C:\OSPanel\domains\Stanki\wp-includes\class-wp-hook.php(310): WP_Hook->apply_filters('', Array)
#2 C:\OSPanel\domains\Stanki\wp-includes\plugin.php(453): WP_Hook->do_action(Array)
#3 C:\OSPanel\domains\Stanki\wp-admin\admin.php(224): do_action('toplevel_page_m...')
#4 {main}
  thrown в C:\OSPanel\domains\Stanki\wp-content\plugins\my-plugin\my-plugin.php на строке 23

2019-02-03T12:48:43+00:00 CRITICAL Uncaught Error: Call to undefined method wpdb::get_result() in C:\OSPanel\domains\Stanki\wp-content\plugins\my-plugin\my-plugin.php:25
Stack trace:
#0 C:\OSPanel\domains\Stanki\wp-includes\class-wp-hook.php(286): MyPluginTopLevel('')
#1 C:\OSPanel\domains\Stanki\wp-includes\class-wp-hook.php(310): WP_Hook->apply_filters('', Array)
#2 C:\OSPanel\domains\Stanki\wp-includes\plugin.php(453): WP_Hook->do_action(Array)
#3 C:\OSPanel\domains\Stanki\wp-admin\admin.php(224): do_action('toplevel_page_m...')
#4 {main}
  thrown в C:\OSPanel\domains\Stanki\wp-content\plugins\my-plugin\my-plugin.php на строке 25

2019-02-03T21:09:45+00:00 CRITICAL Uncaught Error: Call to undefined function admin_enqueue_scripts() in C:\OSPanel\domains\Stanki\wp-content\plugins\my-plugin\my-plugin.php:49
Stack trace:
#0 C:\OSPanel\domains\Stanki\wp-includes\class-wp-hook.php(286): MyPluginSubLevel('')
#1 C:\OSPanel\domains\Stanki\wp-includes\class-wp-hook.php(310): WP_Hook->apply_filters('', Array)
#2 C:\OSPanel\domains\Stanki\wp-includes\plugin.php(453): WP_Hook->do_action(Array)
#3 C:\OSPanel\domains\Stanki\wp-admin\admin.php(224): do_action('mypluginmenu_pa...')
#4 {main}
  thrown в C:\OSPanel\domains\Stanki\wp-content\plugins\my-plugin\my-plugin.php на строке 49

2019-02-03T21:12:44+00:00 CRITICAL Uncaught Error: Call to undefined function admin_enqueue_scripts() in C:\OSPanel\domains\Stanki\wp-content\plugins\my-plugin\my-plugin.php:49
Stack trace:
#0 C:\OSPanel\domains\Stanki\wp-includes\class-wp-hook.php(286): MyPluginSubLevel('')
#1 C:\OSPanel\domains\Stanki\wp-includes\class-wp-hook.php(310): WP_Hook->apply_filters('', Array)
#2 C:\OSPanel\domains\Stanki\wp-includes\plugin.php(453): WP_Hook->do_action(Array)
#3 C:\OSPanel\domains\Stanki\wp-admin\admin.php(224): do_action('mypluginmenu_pa...')
#4 {main}
  thrown в C:\OSPanel\domains\Stanki\wp-content\plugins\my-plugin\my-plugin.php на строке 49

2019-02-03T21:12:58+00:00 CRITICAL Uncaught Error: Call to undefined function admin_enqueue_scripts() in C:\OSPanel\domains\Stanki\wp-content\plugins\my-plugin\my-plugin.php:50
Stack trace:
#0 C:\OSPanel\domains\Stanki\wp-includes\class-wp-hook.php(286): MyPluginSubLevel('')
#1 C:\OSPanel\domains\Stanki\wp-includes\class-wp-hook.php(310): WP_Hook->apply_filters('', Array)
#2 C:\OSPanel\domains\Stanki\wp-includes\plugin.php(453): WP_Hook->do_action(Array)
#3 C:\OSPanel\domains\Stanki\wp-admin\admin.php(224): do_action('mypluginmenu_pa...')
#4 {main}
  thrown в C:\OSPanel\domains\Stanki\wp-content\plugins\my-plugin\my-plugin.php на строке 50

2019-02-03T21:13:02+00:00 CRITICAL Uncaught Error: Call to undefined function admin_enqueue_scripts() in C:\OSPanel\domains\Stanki\wp-content\plugins\my-plugin\my-plugin.php:50
Stack trace:
#0 C:\OSPanel\domains\Stanki\wp-includes\class-wp-hook.php(286): MyPluginSubLevel('')
#1 C:\OSPanel\domains\Stanki\wp-includes\class-wp-hook.php(310): WP_Hook->apply_filters('', Array)
#2 C:\OSPanel\domains\Stanki\wp-includes\plugin.php(453): WP_Hook->do_action(Array)
#3 C:\OSPanel\domains\Stanki\wp-admin\admin.php(224): do_action('mypluginmenu_pa...')
#4 {main}
  thrown в C:\OSPanel\domains\Stanki\wp-content\plugins\my-plugin\my-plugin.php на строке 50

2019-02-03T21:21:40+00:00 CRITICAL Uncaught Error: Call to undefined function wp_deregister_scripts() in C:\OSPanel\domains\Stanki\wp-content\plugins\my-plugin\my-plugin.php:50
Stack trace:
#0 C:\OSPanel\domains\Stanki\wp-includes\class-wp-hook.php(286): MyPluginSubLevel('')
#1 C:\OSPanel\domains\Stanki\wp-includes\class-wp-hook.php(310): WP_Hook->apply_filters('', Array)
#2 C:\OSPanel\domains\Stanki\wp-includes\plugin.php(453): WP_Hook->do_action(Array)
#3 C:\OSPanel\domains\Stanki\wp-admin\admin.php(224): do_action('mypluginmenu_pa...')
#4 {main}
  thrown в C:\OSPanel\domains\Stanki\wp-content\plugins\my-plugin\my-plugin.php на строке 50

